#
# There is insufficient memory for the Java Runtime Environment to continue.
# Native memory allocation (malloc) failed to allocate 2168336 bytes for Chunk::new
# Possible reasons:
#   The system is out of physical RAM or swap space
#   The process is running with CompressedOops enabled, and the Java Heap may be blocking the growth of the native heap
# Possible solutions:
#   Reduce memory load on the system
#   Increase physical memory or swap space
#   Check if swap backing store is full
#   Decrease Java heap size (-Xmx/-Xms)
#   Decrease number of Java threads
#   Decrease Java thread stack sizes (-Xss)
#   Set larger code cache with -XX:ReservedCodeCacheSize=
#   JVM is running with Unscaled Compressed Oops mode in which the Java heap is
#     placed in the first 4GB address space. The Java Heap base address is the
#     maximum limit for the native heap growth. Please use -XX:HeapBaseMinAddress
#     to set the Java Heap base and to place the Java Heap above 4GB virtual address.
# This output file may be truncated or incomplete.
#
#  Out of Memory Error (arena.cpp:189), pid=2844, tid=75588
#
# JRE version: Java(TM) SE Runtime Environment (17.0.9+11) (build 17.0.9+11-LTS-201)
# Java VM: Java HotSpot(TM) 64-Bit Server VM (17.0.9+11-LTS-201, mixed mode, sharing, tiered, compressed oops, compressed class ptrs, g1 gc, windows-amd64)
# No core dump will be written. Minidumps are not enabled by default on client versions of Windows
#

---------------  S U M M A R Y ------------

Command Line: C:\Users\rafae\AppData\Local\Temp\surefire18213959479653782325\surefirebooter-20240221215436282_3.jar C:\Users\rafae\AppData\Local\Temp\surefire18213959479653782325 2024-02-21T21-54-36_084-jvmRun1 surefire-20240221215436282_1tmp surefire_0-20240221215436282_2tmp

Host: AMD Ryzen 5 5600H with Radeon Graphics         , 12 cores, 7G,  Windows 11 , 64 bit Build 22621 (10.0.22621.3085)
Time: Wed Feb 21 21:54:40 2024 Hora oficial do Brasil elapsed time: 4.421118 seconds (0d 0h 0m 4s)

---------------  T H R E A D  ---------------

Current thread (0x00000202705f34d0):  JavaThread "C2 CompilerThread2" daemon [_thread_in_native, id=75588, stack(0x000000d918900000,0x000000d918a00000)]


Current CompileTask:
C2:   4421 4798       4       jdk.internal.org.objectweb.asm.Frame::execute (2305 bytes)

Stack: [0x000000d918900000,0x000000d918a00000]
Native frames: (J=compiled Java code, j=interpreted, Vv=VM code, C=native code)
V  [jvm.dll+0x678a4a]
V  [jvm.dll+0x7d9cfd]
V  [jvm.dll+0x7db60e]
V  [jvm.dll+0x7dbc73]
V  [jvm.dll+0x245e1f]
V  [jvm.dll+0xaaafb]
V  [jvm.dll+0xab09c]
V  [jvm.dll+0x36237e]
V  [jvm.dll+0x32ca01]
V  [jvm.dll+0x32be9a]
V  [jvm.dll+0x21812f]
V  [jvm.dll+0x217561]
V  [jvm.dll+0x1a3bc0]
V  [jvm.dll+0x2272de]
V  [jvm.dll+0x22548b]
V  [jvm.dll+0x78f58c]
V  [jvm.dll+0x78998a]
V  [jvm.dll+0x677875]
C  [ucrtbase.dll+0x29363]
C  [KERNEL32.DLL+0x1257d]
C  [ntdll.dll+0x5aa58]


---------------  P R O C E S S  ---------------

Threads class SMR info:
_java_thread_list=0x000002026f465340, length=19, elements={
0x000002020a0426e0, 0x000002022802c280, 0x000002022802df10, 0x0000020228044a80,
0x0000020228046850, 0x0000020228047210, 0x0000020228047bd0, 0x000002022804be70,
0x0000020228054930, 0x000002022806a640, 0x00000202282b0810, 0x00000202282b8d20,
0x00000202286b36b0, 0x00000202286c4610, 0x000002026f45a880, 0x000002026f506b80,
0x000002026f2f2570, 0x000002026f2f2060, 0x00000202705f34d0
}

Java Threads: ( => current thread )
  0x000002020a0426e0 JavaThread "main" [_thread_in_vm, id=79860, stack(0x000000d916300000,0x000000d916400000)]
  0x000002022802c280 JavaThread "Reference Handler" daemon [_thread_blocked, id=92000, stack(0x000000d916a00000,0x000000d916b00000)]
  0x000002022802df10 JavaThread "Finalizer" daemon [_thread_blocked, id=90756, stack(0x000000d916b00000,0x000000d916c00000)]
  0x0000020228044a80 JavaThread "Signal Dispatcher" daemon [_thread_blocked, id=26516, stack(0x000000d916c00000,0x000000d916d00000)]
  0x0000020228046850 JavaThread "Attach Listener" daemon [_thread_blocked, id=90352, stack(0x000000d916d00000,0x000000d916e00000)]
  0x0000020228047210 JavaThread "Service Thread" daemon [_thread_blocked, id=83068, stack(0x000000d916e00000,0x000000d916f00000)]
  0x0000020228047bd0 JavaThread "Monitor Deflation Thread" daemon [_thread_blocked, id=10920, stack(0x000000d916f00000,0x000000d917000000)]
  0x000002022804be70 JavaThread "C2 CompilerThread0" daemon [_thread_in_native, id=88448, stack(0x000000d917000000,0x000000d917100000)]
  0x0000020228054930 JavaThread "C1 CompilerThread0" daemon [_thread_blocked, id=87212, stack(0x000000d917100000,0x000000d917200000)]
  0x000002022806a640 JavaThread "Sweeper thread" daemon [_thread_blocked, id=91020, stack(0x000000d917200000,0x000000d917300000)]
  0x00000202282b0810 JavaThread "Notification Thread" daemon [_thread_blocked, id=74064, stack(0x000000d917300000,0x000000d917400000)]
  0x00000202282b8d20 JavaThread "Common-Cleaner" daemon [_thread_blocked, id=85756, stack(0x000000d917500000,0x000000d917600000)]
  0x00000202286b36b0 JavaThread "surefire-forkedjvm-stream-flusher" daemon [_thread_blocked, id=86964, stack(0x000000d917600000,0x000000d917700000)]
  0x00000202286c4610 JavaThread "surefire-forkedjvm-command-thread" daemon [_thread_in_native, id=77412, stack(0x000000d917700000,0x000000d917800000)]
  0x000002026f45a880 JavaThread "C2 CompilerThread1" daemon [_thread_blocked, id=86000, stack(0x000000d918200000,0x000000d918300000)]
  0x000002026f506b80 JavaThread "mysql-cj-abandoned-connection-cleanup" daemon [_thread_blocked, id=79852, stack(0x000000d918500000,0x000000d918600000)]
  0x000002026f2f2570 JavaThread "HikariPool-1 housekeeper" daemon [_thread_blocked, id=86384, stack(0x000000d918700000,0x000000d918800000)]
  0x000002026f2f2060 JavaThread "HikariPool-1 connection adder" daemon [_thread_blocked, id=76884, stack(0x000000d918800000,0x000000d918900000)]
=>0x00000202705f34d0 JavaThread "C2 CompilerThread2" daemon [_thread_in_native, id=75588, stack(0x000000d918900000,0x000000d918a00000)]

Other Threads:
  0x0000020228024360 VMThread "VM Thread" [stack: 0x000000d916900000,0x000000d916a00000] [id=68360]
  0x000002020a0ca2d0 WatcherThread [stack: 0x000000d917400000,0x000000d917500000] [id=87376]
  0x000002020a097f50 GCTaskThread "GC Thread#0" [stack: 0x000000d916400000,0x000000d916500000] [id=16648]
  0x0000020228c08ce0 GCTaskThread "GC Thread#1" [stack: 0x000000d917800000,0x000000d917900000] [id=90872]
  0x0000020228da28d0 GCTaskThread "GC Thread#2" [stack: 0x000000d917900000,0x000000d917a00000] [id=83596]
  0x0000020228b35570 GCTaskThread "GC Thread#3" [stack: 0x000000d917a00000,0x000000d917b00000] [id=67688]
  0x0000020228a21720 GCTaskThread "GC Thread#4" [stack: 0x000000d917b00000,0x000000d917c00000] [id=89272]
  0x000002026e065dd0 GCTaskThread "GC Thread#5" [stack: 0x000000d917c00000,0x000000d917d00000] [id=84468]
  0x0000020228de0880 GCTaskThread "GC Thread#6" [stack: 0x000000d917d00000,0x000000d917e00000] [id=57212]
  0x000002026e1871a0 GCTaskThread "GC Thread#7" [stack: 0x000000d917f00000,0x000000d918000000] [id=91972]
  0x000002026e2820e0 GCTaskThread "GC Thread#8" [stack: 0x000000d918000000,0x000000d918100000] [id=78244]
  0x000002026e51baa0 GCTaskThread "GC Thread#9" [stack: 0x000000d918100000,0x000000d918200000] [id=89808]
  0x000002020a0a8a30 ConcurrentGCThread "G1 Main Marker" [stack: 0x000000d916500000,0x000000d916600000] [id=76484]
  0x000002020a0a9be0 ConcurrentGCThread "G1 Conc#0" [stack: 0x000000d916600000,0x000000d916700000] [id=90472]
  0x000002026e504010 ConcurrentGCThread "G1 Conc#1" [stack: 0x000000d918300000,0x000000d918400000] [id=85988]
  0x000002026e2ee6f0 ConcurrentGCThread "G1 Conc#2" [stack: 0x000000d918400000,0x000000d918500000] [id=78272]
  0x0000020227ee24b0 ConcurrentGCThread "G1 Refine#0" [stack: 0x000000d916700000,0x000000d916800000] [id=36068]
  0x0000020228b79300 ConcurrentGCThread "G1 Refine#1" [stack: 0x000000d917e00000,0x000000d917f00000] [id=91664]
  0x000002020a10af60 ConcurrentGCThread "G1 Service" [stack: 0x000000d916800000,0x000000d916900000] [id=90856]

Threads with active compile tasks:
C2 CompilerThread0     4447 4799       4       jdk.internal.org.objectweb.asm.MethodWriter::computeAllFrames (510 bytes)
C2 CompilerThread2     4447 4798       4       jdk.internal.org.objectweb.asm.Frame::execute (2305 bytes)

VM state: not at safepoint (normal execution)

VM Mutex/Monitor currently owned by a thread: None

Heap address: 0x000000008a400000, size: 1884 MB, Compressed Oops mode: 32-bit

CDS archive(s) mapped at: [0x0000020229000000-0x0000020229bd0000-0x0000020229bd0000), size 12386304, SharedBaseAddress: 0x0000020229000000, ArchiveRelocationMode: 1.
Compressed class space mapped at: 0x000002022a000000-0x000002026a000000, reserved size: 1073741824
Narrow klass base: 0x0000020229000000, Narrow klass shift: 0, Narrow klass range: 0x100000000

GC Precious Log:
 CPUs: 12 total, 12 available
 Memory: 7532M
 Large Page Support: Disabled
 NUMA Support: Disabled
 Compressed Oops: Enabled (32-bit)
 Heap Region Size: 1M
 Heap Min Capacity: 8M
 Heap Initial Capacity: 118M
 Heap Max Capacity: 1884M
 Pre-touch: Disabled
 Parallel Workers: 10
 Concurrent Workers: 3
 Concurrent Refinement Workers: 10
 Periodic GC: Disabled

Heap:
 garbage-first heap   total 66560K, used 26215K [0x000000008a400000, 0x0000000100000000)
  region size 1024K, 6 young (6144K), 3 survivors (3072K)
 Metaspace       used 54007K, committed 54400K, reserved 1114112K
  class space    used 7342K, committed 7552K, reserved 1048576K

Heap Regions: E=young(eden), S=young(survivor), O=old, HS=humongous(starts), HC=humongous(continues), CS=collection set, F=free, OA=open archive, CA=closed archive, TAMS=top-at-mark-start (previous, next)
|   0|0x000000008a400000, 0x000000008a500000, 0x000000008a500000|100%|HS|  |TAMS 0x000000008a500000, 0x000000008a400000| Complete 
|   1|0x000000008a500000, 0x000000008a600000, 0x000000008a600000|100%| O|  |TAMS 0x000000008a600000, 0x000000008a500000| Untracked 
|   2|0x000000008a600000, 0x000000008a700000, 0x000000008a700000|100%| O|  |TAMS 0x000000008a700000, 0x000000008a600000| Untracked 
|   3|0x000000008a700000, 0x000000008a800000, 0x000000008a800000|100%| O|  |TAMS 0x000000008a800000, 0x000000008a700000| Untracked 
|   4|0x000000008a800000, 0x000000008a900000, 0x000000008a900000|100%| O|  |TAMS 0x000000008a900000, 0x000000008a800000| Untracked 
|   5|0x000000008a900000, 0x000000008aa00000, 0x000000008aa00000|100%| O|  |TAMS 0x000000008aa00000, 0x000000008a900000| Untracked 
|   6|0x000000008aa00000, 0x000000008ab00000, 0x000000008ab00000|100%| O|  |TAMS 0x000000008ab00000, 0x000000008aa00000| Untracked 
|   7|0x000000008ab00000, 0x000000008ac00000, 0x000000008ac00000|100%| O|  |TAMS 0x000000008ac00000, 0x000000008ab00000| Untracked 
|   8|0x000000008ac00000, 0x000000008ad00000, 0x000000008ad00000|100%| O|  |TAMS 0x000000008ad00000, 0x000000008ac00000| Untracked 
|   9|0x000000008ad00000, 0x000000008ae00000, 0x000000008ae00000|100%| O|  |TAMS 0x000000008ae00000, 0x000000008ad00000| Untracked 
|  10|0x000000008ae00000, 0x000000008ae19600, 0x000000008af00000|  9%| O|  |TAMS 0x000000008ae19600, 0x000000008ae00000| Untracked 
|  11|0x000000008af00000, 0x000000008b000000, 0x000000008b000000|100%| O|  |TAMS 0x000000008b000000, 0x000000008af00000| Untracked 
|  12|0x000000008b000000, 0x000000008b100000, 0x000000008b100000|100%| O|  |TAMS 0x000000008b100000, 0x000000008b000000| Untracked 
|  13|0x000000008b100000, 0x000000008b200000, 0x000000008b200000|100%| O|  |TAMS 0x000000008b200000, 0x000000008b100000| Untracked 
|  14|0x000000008b200000, 0x000000008b300000, 0x000000008b300000|100%| O|  |TAMS 0x000000008b300000, 0x000000008b200000| Untracked 
|  15|0x000000008b300000, 0x000000008b400000, 0x000000008b400000|100%| O|  |TAMS 0x000000008b400000, 0x000000008b300000| Untracked 
|  16|0x000000008b400000, 0x000000008b500000, 0x000000008b500000|100%| O|  |TAMS 0x000000008b500000, 0x000000008b400000| Untracked 
|  17|0x000000008b500000, 0x000000008b600000, 0x000000008b600000|100%| O|  |TAMS 0x000000008b600000, 0x000000008b500000| Untracked 
|  18|0x000000008b600000, 0x000000008b700000, 0x000000008b700000|100%| O|  |TAMS 0x000000008b63de00, 0x000000008b600000| Untracked 
|  19|0x000000008b700000, 0x000000008b800000, 0x000000008b800000|100%| O|  |TAMS 0x000000008b700000, 0x000000008b700000| Untracked 
|  20|0x000000008b800000, 0x000000008b900000, 0x000000008b900000|100%| O|  |TAMS 0x000000008b800000, 0x000000008b800000| Untracked 
|  21|0x000000008b900000, 0x000000008ba00000, 0x000000008ba00000|100%| O|  |TAMS 0x000000008b900000, 0x000000008b900000| Untracked 
|  22|0x000000008ba00000, 0x000000008ba41408, 0x000000008bb00000| 25%| O|  |TAMS 0x000000008ba00000, 0x000000008ba00000| Untracked 
|  23|0x000000008bb00000, 0x000000008bb00000, 0x000000008bc00000|  0%| F|  |TAMS 0x000000008bb00000, 0x000000008bb00000| Untracked 
|  24|0x000000008bc00000, 0x000000008bc00000, 0x000000008bd00000|  0%| F|  |TAMS 0x000000008bc00000, 0x000000008bc00000| Untracked 
|  25|0x000000008bd00000, 0x000000008bd00000, 0x000000008be00000|  0%| F|  |TAMS 0x000000008bd00000, 0x000000008bd00000| Untracked 
|  26|0x000000008be00000, 0x000000008be00000, 0x000000008bf00000|  0%| F|  |TAMS 0x000000008be00000, 0x000000008be00000| Untracked 
|  27|0x000000008bf00000, 0x000000008bf00000, 0x000000008c000000|  0%| F|  |TAMS 0x000000008bf00000, 0x000000008bf00000| Untracked 
|  28|0x000000008c000000, 0x000000008c000000, 0x000000008c100000|  0%| F|  |TAMS 0x000000008c000000, 0x000000008c000000| Untracked 
|  29|0x000000008c100000, 0x000000008c100000, 0x000000008c200000|  0%| F|  |TAMS 0x000000008c100000, 0x000000008c100000| Untracked 
|  30|0x000000008c200000, 0x000000008c200000, 0x000000008c300000|  0%| F|  |TAMS 0x000000008c200000, 0x000000008c200000| Untracked 
|  31|0x000000008c300000, 0x000000008c300000, 0x000000008c400000|  0%| F|  |TAMS 0x000000008c300000, 0x000000008c300000| Untracked 
|  32|0x000000008c400000, 0x000000008c400000, 0x000000008c500000|  0%| F|  |TAMS 0x000000008c400000, 0x000000008c400000| Untracked 
|  33|0x000000008c500000, 0x000000008c53f218, 0x000000008c600000| 24%| S|CS|TAMS 0x000000008c500000, 0x000000008c500000| Complete 
|  34|0x000000008c600000, 0x000000008c700000, 0x000000008c700000|100%| S|CS|TAMS 0x000000008c600000, 0x000000008c600000| Complete 
|  35|0x000000008c700000, 0x000000008c800000, 0x000000008c800000|100%| S|CS|TAMS 0x000000008c700000, 0x000000008c700000| Complete 
|  36|0x000000008c800000, 0x000000008c800000, 0x000000008c900000|  0%| F|  |TAMS 0x000000008c800000, 0x000000008c800000| Untracked 
|  37|0x000000008c900000, 0x000000008c900000, 0x000000008ca00000|  0%| F|  |TAMS 0x000000008c900000, 0x000000008c900000| Untracked 
|  38|0x000000008ca00000, 0x000000008ca00000, 0x000000008cb00000|  0%| F|  |TAMS 0x000000008ca00000, 0x000000008ca00000| Untracked 
|  39|0x000000008cb00000, 0x000000008cb00000, 0x000000008cc00000|  0%| F|  |TAMS 0x000000008cb00000, 0x000000008cb00000| Untracked 
|  40|0x000000008cc00000, 0x000000008cc00000, 0x000000008cd00000|  0%| F|  |TAMS 0x000000008cc00000, 0x000000008cc00000| Untracked 
|  41|0x000000008cd00000, 0x000000008cd00000, 0x000000008ce00000|  0%| F|  |TAMS 0x000000008cd00000, 0x000000008cd00000| Untracked 
|  42|0x000000008ce00000, 0x000000008ce00000, 0x000000008cf00000|  0%| F|  |TAMS 0x000000008ce00000, 0x000000008ce00000| Untracked 
|  43|0x000000008cf00000, 0x000000008cf00000, 0x000000008d000000|  0%| F|  |TAMS 0x000000008cf00000, 0x000000008cf00000| Untracked 
|  44|0x000000008d000000, 0x000000008d000000, 0x000000008d100000|  0%| F|  |TAMS 0x000000008d000000, 0x000000008d000000| Untracked 
|  45|0x000000008d100000, 0x000000008d100000, 0x000000008d200000|  0%| F|  |TAMS 0x000000008d100000, 0x000000008d100000| Untracked 
|  46|0x000000008d200000, 0x000000008d200000, 0x000000008d300000|  0%| F|  |TAMS 0x000000008d200000, 0x000000008d200000| Untracked 
|  47|0x000000008d300000, 0x000000008d300000, 0x000000008d400000|  0%| F|  |TAMS 0x000000008d300000, 0x000000008d300000| Untracked 
|  48|0x000000008d400000, 0x000000008d400000, 0x000000008d500000|  0%| F|  |TAMS 0x000000008d400000, 0x000000008d400000| Untracked 
|  49|0x000000008d500000, 0x000000008d500000, 0x000000008d600000|  0%| F|  |TAMS 0x000000008d500000, 0x000000008d500000| Untracked 
|  50|0x000000008d600000, 0x000000008d600000, 0x000000008d700000|  0%| F|  |TAMS 0x000000008d600000, 0x000000008d600000| Untracked 
|  51|0x000000008d700000, 0x000000008d700000, 0x000000008d800000|  0%| F|  |TAMS 0x000000008d700000, 0x000000008d700000| Untracked 
|  52|0x000000008d800000, 0x000000008d800000, 0x000000008d900000|  0%| F|  |TAMS 0x000000008d800000, 0x000000008d800000| Untracked 
|  53|0x000000008d900000, 0x000000008d900000, 0x000000008da00000|  0%| F|  |TAMS 0x000000008d900000, 0x000000008d900000| Untracked 
|  54|0x000000008da00000, 0x000000008da00000, 0x000000008db00000|  0%| F|  |TAMS 0x000000008da00000, 0x000000008da00000| Untracked 
|  55|0x000000008db00000, 0x000000008db00000, 0x000000008dc00000|  0%| F|  |TAMS 0x000000008db00000, 0x000000008db00000| Untracked 
|  56|0x000000008dc00000, 0x000000008dc00000, 0x000000008dd00000|  0%| F|  |TAMS 0x000000008dc00000, 0x000000008dc00000| Untracked 
|  57|0x000000008dd00000, 0x000000008dd00000, 0x000000008de00000|  0%| F|  |TAMS 0x000000008dd00000, 0x000000008dd00000| Untracked 
|  58|0x000000008de00000, 0x000000008de00000, 0x000000008df00000|  0%| F|  |TAMS 0x000000008de00000, 0x000000008de00000| Untracked 
|  59|0x000000008df00000, 0x000000008df00000, 0x000000008e000000|  0%| F|  |TAMS 0x000000008df00000, 0x000000008df00000| Untracked 
| 111|0x0000000091300000, 0x0000000091300000, 0x0000000091400000|  0%| F|  |TAMS 0x0000000091300000, 0x0000000091300000| Untracked 
| 112|0x0000000091400000, 0x0000000091400000, 0x0000000091500000|  0%| F|  |TAMS 0x0000000091400000, 0x0000000091400000| Untracked 
| 113|0x0000000091500000, 0x000000009157b5f0, 0x0000000091600000| 48%| E|  |TAMS 0x0000000091500000, 0x0000000091500000| Complete 
| 114|0x0000000091600000, 0x0000000091700000, 0x0000000091700000|100%| E|CS|TAMS 0x0000000091600000, 0x0000000091600000| Complete 
| 117|0x0000000091900000, 0x0000000091a00000, 0x0000000091a00000|100%| E|CS|TAMS 0x0000000091900000, 0x0000000091900000| Complete 

Card table byte_map: [0x00000202211e0000,0x0000020221590000] _byte_map_base: 0x0000020220d8e000

Marking Bits (Prev, Next): (CMBitMap*) 0x000002020a099580, (CMBitMap*) 0x000002020a0995c0
 Prev Bits: [0x0000020221940000, 0x00000202236b0000)
 Next Bits: [0x00000202236b0000, 0x0000020225420000)

Polling page: 0x0000020207fd0000

Metaspace:

Usage:
  Non-class:     45.59 MB used.
      Class:      7.17 MB used.
       Both:     52.76 MB used.

Virtual space:
  Non-class space:       64.00 MB reserved,      45.75 MB ( 71%) committed,  1 nodes.
      Class space:        1.00 GB reserved,       7.38 MB ( <1%) committed,  1 nodes.
             Both:        1.06 GB reserved,      53.12 MB (  5%) committed. 

Chunk freelists:
   Non-Class:  1.98 MB
       Class:  8.52 MB
        Both:  10.50 MB

MaxMetaspaceSize: unlimited
CompressedClassSpaceSize: 1.00 GB
Initial GC threshold: 21.00 MB
Current GC threshold: 58.75 MB
CDS: on
MetaspaceReclaimPolicy: balanced
 - commit_granule_bytes: 65536.
 - commit_granule_words: 8192.
 - virtual_space_node_default_size: 8388608.
 - enlarge_chunks_in_place: 1.
 - new_chunks_are_fully_committed: 0.
 - uncommit_free_chunks: 1.
 - use_allocation_guard: 0.
 - handle_deallocations: 1.


Internal statistics:

num_allocs_failed_limit: 6.
num_arena_births: 506.
num_arena_deaths: 0.
num_vsnodes_births: 2.
num_vsnodes_deaths: 0.
num_space_committed: 851.
num_space_uncommitted: 0.
num_chunks_returned_to_freelist: 6.
num_chunks_taken_from_freelist: 2339.
num_chunk_merges: 6.
num_chunk_splits: 1703.
num_chunks_enlarged: 1345.
num_inconsistent_stats: 0.

CodeHeap 'non-profiled nmethods': size=120000Kb used=2986Kb max_used=2986Kb free=117013Kb
 bounds [0x00000202193b0000, 0x00000202196a0000, 0x00000202208e0000]
CodeHeap 'profiled nmethods': size=120000Kb used=10253Kb max_used=10253Kb free=109746Kb
 bounds [0x00000202118e0000, 0x00000202122f0000, 0x0000020218e10000]
CodeHeap 'non-nmethods': size=5760Kb used=1307Kb max_used=1345Kb free=4453Kb
 bounds [0x0000020218e10000, 0x0000020219080000, 0x00000202193b0000]
 total_blobs=5476 nmethods=4850 adapters=537
 compilation: enabled
              stopped_count=0, restarted_count=0
 full_count=0

Compilation events (20 events):
Event: 4.417 Thread 0x0000020228054930 nmethod 4834 0x00000202122d9490 code [0x00000202122d9840, 0x00000202122db4f8]
Event: 4.417 Thread 0x0000020228054930 4835       3       net.bytebuddy.description.type.TypeDescription$Generic$OfNonGenericType$ForLoadedType::asErasure (8 bytes)
Event: 4.417 Thread 0x0000020228054930 nmethod 4835 0x00000202122dbb90 code [0x00000202122dbda0, 0x00000202122dc4c8]
Event: 4.417 Thread 0x0000020228054930 4839       3       net.bytebuddy.matcher.ElementMatcher$Junction$Conjunction::matches (46 bytes)
Event: 4.417 Thread 0x0000020228054930 nmethod 4839 0x00000202122dc710 code [0x00000202122dc900, 0x00000202122dcf58]
Event: 4.417 Thread 0x0000020228054930 4836       3       net.bytebuddy.description.type.TypeDescription$ForLoadedType::getName (8 bytes)
Event: 4.417 Thread 0x0000020228054930 nmethod 4836 0x00000202122dd110 code [0x00000202122dd2a0, 0x00000202122dd3e8]
Event: 4.417 Thread 0x0000020228054930 4837       3       net.bytebuddy.description.type.TypeDescription$ForLoadedType::getName (28 bytes)
Event: 4.418 Thread 0x0000020228054930 nmethod 4837 0x00000202122dd490 code [0x00000202122dd680, 0x00000202122ddb58]
Event: 4.418 Thread 0x0000020228054930 4838       1       net.bytebuddy.description.method.MethodDescription$TypeSubstituting::getDeclaringType (5 bytes)
Event: 4.418 Thread 0x0000020228054930 nmethod 4838 0x0000020219699c90 code [0x0000020219699e20, 0x0000020219699ef8]
Event: 4.418 Thread 0x0000020228054930 4840       3       net.bytebuddy.description.ModifierReviewable$AbstractBase::matchesMask (16 bytes)
Event: 4.418 Thread 0x0000020228054930 nmethod 4840 0x00000202122ddd90 code [0x00000202122ddf40, 0x00000202122de168]
Event: 4.418 Thread 0x0000020228054930 4841       3       net.bytebuddy.description.method.MethodDescription$TypeSubstituting::getModifiers (10 bytes)
Event: 4.418 Thread 0x0000020228054930 nmethod 4841 0x00000202122de210 code [0x00000202122de3c0, 0x00000202122de588]
Event: 4.418 Thread 0x0000020228054930 4843       3       net.bytebuddy.matcher.BooleanMatcher::matches (5 bytes)
Event: 4.418 Thread 0x0000020228054930 nmethod 4843 0x00000202122de690 code [0x00000202122de820, 0x00000202122de938]
Event: 4.418 Thread 0x0000020228054930 4842       3       net.bytebuddy.matcher.DeclaringTypeMatcher::doMatch (9 bytes)
Event: 4.418 Thread 0x000002026f45a880 nmethod 4823 0x0000020219699f90 code [0x000002021969a120, 0x000002021969a568]
Event: 4.418 Thread 0x0000020228054930 nmethod 4842 0x00000202122dea10 code [0x00000202122dec00, 0x00000202122df188]

GC Heap History (20 events):
Event: 0.878 GC heap before
{Heap before GC invocations=1 (full 0):
 garbage-first heap   total 120832K, used 32054K [0x000000008a400000, 0x0000000100000000)
  region size 1024K, 26 young (26624K), 3 survivors (3072K)
 Metaspace       used 10856K, committed 11072K, reserved 1114112K
  class space    used 1386K, committed 1472K, reserved 1048576K
}
Event: 0.885 GC heap after
{Heap after GC invocations=2 (full 0):
 garbage-first heap   total 120832K, used 10478K [0x000000008a400000, 0x0000000100000000)
  region size 1024K, 2 young (2048K), 2 survivors (2048K)
 Metaspace       used 10856K, committed 11072K, reserved 1114112K
  class space    used 1386K, committed 1472K, reserved 1048576K
}
Event: 1.421 GC heap before
{Heap before GC invocations=2 (full 0):
 garbage-first heap   total 120832K, used 57582K [0x000000008a400000, 0x0000000100000000)
  region size 1024K, 48 young (49152K), 2 survivors (2048K)
 Metaspace       used 20706K, committed 20992K, reserved 1114112K
  class space    used 2683K, committed 2816K, reserved 1048576K
}
Event: 1.425 GC heap after
{Heap after GC invocations=3 (full 0):
 garbage-first heap   total 120832K, used 13364K [0x000000008a400000, 0x0000000100000000)
  region size 1024K, 5 young (5120K), 5 survivors (5120K)
 Metaspace       used 20706K, committed 20992K, reserved 1114112K
  class space    used 2683K, committed 2816K, reserved 1048576K
}
Event: 1.453 GC heap before
{Heap before GC invocations=3 (full 0):
 garbage-first heap   total 120832K, used 15412K [0x000000008a400000, 0x0000000100000000)
  region size 1024K, 8 young (8192K), 5 survivors (5120K)
 Metaspace       used 21249K, committed 21504K, reserved 1114112K
  class space    used 2751K, committed 2880K, reserved 1048576K
}
Event: 1.456 GC heap after
{Heap after GC invocations=4 (full 0):
 garbage-first heap   total 120832K, used 13794K [0x000000008a400000, 0x0000000100000000)
  region size 1024K, 4 young (4096K), 4 survivors (4096K)
 Metaspace       used 21249K, committed 21504K, reserved 1114112K
  class space    used 2751K, committed 2880K, reserved 1048576K
}
Event: 1.905 GC heap before
{Heap before GC invocations=5 (full 0):
 garbage-first heap   total 55296K, used 42466K [0x000000008a400000, 0x0000000100000000)
  region size 1024K, 32 young (32768K), 4 survivors (4096K)
 Metaspace       used 24158K, committed 24448K, reserved 1114112K
  class space    used 3118K, committed 3264K, reserved 1048576K
}
Event: 1.911 GC heap after
{Heap after GC invocations=6 (full 0):
 garbage-first heap   total 55296K, used 15965K [0x000000008a400000, 0x0000000100000000)
  region size 1024K, 3 young (3072K), 3 survivors (3072K)
 Metaspace       used 24158K, committed 24448K, reserved 1114112K
  class space    used 3118K, committed 3264K, reserved 1048576K
}
Event: 2.330 GC heap before
{Heap before GC invocations=6 (full 0):
 garbage-first heap   total 55296K, used 37469K [0x000000008a400000, 0x0000000100000000)
  region size 1024K, 24 young (24576K), 3 survivors (3072K)
 Metaspace       used 27240K, committed 27648K, reserved 1114112K
  class space    used 3543K, committed 3776K, reserved 1048576K
}
Event: 2.337 GC heap after
{Heap after GC invocations=7 (full 0):
 garbage-first heap   total 55296K, used 17972K [0x000000008a400000, 0x0000000100000000)
  region size 1024K, 2 young (2048K), 2 survivors (2048K)
 Metaspace       used 27240K, committed 27648K, reserved 1114112K
  class space    used 3543K, committed 3776K, reserved 1048576K
}
Event: 2.754 GC heap before
{Heap before GC invocations=7 (full 0):
 garbage-first heap   total 55296K, used 38452K [0x000000008a400000, 0x0000000100000000)
  region size 1024K, 22 young (22528K), 2 survivors (2048K)
 Metaspace       used 31236K, committed 31616K, reserved 1114112K
  class space    used 4038K, committed 4224K, reserved 1048576K
}
Event: 2.762 GC heap after
{Heap after GC invocations=8 (full 0):
 garbage-first heap   total 66560K, used 20001K [0x000000008a400000, 0x0000000100000000)
  region size 1024K, 3 young (3072K), 3 survivors (3072K)
 Metaspace       used 31236K, committed 31616K, reserved 1114112K
  class space    used 4038K, committed 4224K, reserved 1048576K
}
Event: 3.042 GC heap before
{Heap before GC invocations=8 (full 0):
 garbage-first heap   total 66560K, used 23073K [0x000000008a400000, 0x0000000100000000)
  region size 1024K, 7 young (7168K), 3 survivors (3072K)
 Metaspace       used 35604K, committed 35968K, reserved 1114112K
  class space    used 4552K, committed 4736K, reserved 1048576K
}
Event: 3.046 GC heap after
{Heap after GC invocations=9 (full 0):
 garbage-first heap   total 66560K, used 20406K [0x000000008a400000, 0x0000000100000000)
  region size 1024K, 3 young (3072K), 3 survivors (3072K)
 Metaspace       used 35604K, committed 35968K, reserved 1114112K
  class space    used 4552K, committed 4736K, reserved 1048576K
}
Event: 3.520 GC heap before
{Heap before GC invocations=10 (full 0):
 garbage-first heap   total 66560K, used 46006K [0x000000008a400000, 0x0000000100000000)
  region size 1024K, 28 young (28672K), 3 survivors (3072K)
 Metaspace       used 40462K, committed 40832K, reserved 1114112K
  class space    used 5214K, committed 5376K, reserved 1048576K
}
Event: 3.526 GC heap after
{Heap after GC invocations=11 (full 0):
 garbage-first heap   total 66560K, used 21983K [0x000000008a400000, 0x0000000100000000)
  region size 1024K, 3 young (3072K), 3 survivors (3072K)
 Metaspace       used 40462K, committed 40832K, reserved 1114112K
  class space    used 5214K, committed 5376K, reserved 1048576K
}
Event: 3.968 GC heap before
{Heap before GC invocations=11 (full 0):
 garbage-first heap   total 66560K, used 46559K [0x000000008a400000, 0x0000000100000000)
  region size 1024K, 27 young (27648K), 3 survivors (3072K)
 Metaspace       used 46082K, committed 46528K, reserved 1114112K
  class space    used 6121K, committed 6336K, reserved 1048576K
}
Event: 3.972 GC heap after
{Heap after GC invocations=12 (full 0):
 garbage-first heap   total 66560K, used 23195K [0x000000008a400000, 0x0000000100000000)
  region size 1024K, 3 young (3072K), 3 survivors (3072K)
 Metaspace       used 46082K, committed 46528K, reserved 1114112K
  class space    used 6121K, committed 6336K, reserved 1048576K
}
Event: 4.405 GC heap before
{Heap before GC invocations=12 (full 0):
 garbage-first heap   total 66560K, used 48795K [0x000000008a400000, 0x0000000100000000)
  region size 1024K, 29 young (29696K), 3 survivors (3072K)
 Metaspace       used 53492K, committed 53952K, reserved 1114112K
  class space    used 7250K, committed 7488K, reserved 1048576K
}
Event: 4.409 GC heap after
{Heap after GC invocations=13 (full 0):
 garbage-first heap   total 66560K, used 24167K [0x000000008a400000, 0x0000000100000000)
  region size 1024K, 3 young (3072K), 3 survivors (3072K)
 Metaspace       used 53492K, committed 53952K, reserved 1114112K
  class space    used 7250K, committed 7488K, reserved 1048576K
}

Deoptimization events (20 events):
Event: 4.037 Thread 0x000002020a0426e0 Uncommon trap: trap_request=0xffffffde fr.pc=0x00000202195fef6c relative=0x000000000000014c
Event: 4.037 Thread 0x000002020a0426e0 Uncommon trap: reason=class_check action=maybe_recompile pc=0x00000202195fef6c method=java.util.ArrayList$ArrayListSpliterator.tryAdvance(Ljava/util/function/Consumer;)Z @ 48 c2
Event: 4.037 Thread 0x000002020a0426e0 DEOPT PACKING pc=0x00000202195fef6c sp=0x000000d9163fb140
Event: 4.037 Thread 0x000002020a0426e0 DEOPT UNPACKING pc=0x0000020218e623a3 sp=0x000000d9163fb0c0 mode 2
Event: 4.384 Thread 0x000002020a0426e0 Uncommon trap: trap_request=0xffffffbe fr.pc=0x00000202196957e4 relative=0x00000000000006a4
Event: 4.384 Thread 0x000002020a0426e0 Uncommon trap: reason=profile_predicate action=maybe_recompile pc=0x00000202196957e4 method=java.lang.PublicMethods$MethodList.filter([Ljava/lang/reflect/Method;Ljava/lang/String;[Ljava/lang/Class;Z)Ljava/lang/PublicMethods$MethodList; @ 21 c2
Event: 4.384 Thread 0x000002020a0426e0 DEOPT PACKING pc=0x00000202196957e4 sp=0x000000d9163f8350
Event: 4.384 Thread 0x000002020a0426e0 DEOPT UNPACKING pc=0x0000020218e623a3 sp=0x000000d9163f8308 mode 2
Event: 4.385 Thread 0x000002020a0426e0 Uncommon trap: trap_request=0xffffffbe fr.pc=0x00000202196957e4 relative=0x00000000000006a4
Event: 4.385 Thread 0x000002020a0426e0 Uncommon trap: reason=profile_predicate action=maybe_recompile pc=0x00000202196957e4 method=java.lang.PublicMethods$MethodList.filter([Ljava/lang/reflect/Method;Ljava/lang/String;[Ljava/lang/Class;Z)Ljava/lang/PublicMethods$MethodList; @ 21 c2
Event: 4.385 Thread 0x000002020a0426e0 DEOPT PACKING pc=0x00000202196957e4 sp=0x000000d9163f8350
Event: 4.385 Thread 0x000002020a0426e0 DEOPT UNPACKING pc=0x0000020218e623a3 sp=0x000000d9163f8308 mode 2
Event: 4.385 Thread 0x000002020a0426e0 Uncommon trap: trap_request=0xffffffbe fr.pc=0x00000202196957e4 relative=0x00000000000006a4
Event: 4.385 Thread 0x000002020a0426e0 Uncommon trap: reason=profile_predicate action=maybe_recompile pc=0x00000202196957e4 method=java.lang.PublicMethods$MethodList.filter([Ljava/lang/reflect/Method;Ljava/lang/String;[Ljava/lang/Class;Z)Ljava/lang/PublicMethods$MethodList; @ 21 c2
Event: 4.385 Thread 0x000002020a0426e0 DEOPT PACKING pc=0x00000202196957e4 sp=0x000000d9163f8350
Event: 4.385 Thread 0x000002020a0426e0 DEOPT UNPACKING pc=0x0000020218e623a3 sp=0x000000d9163f8308 mode 2
Event: 4.385 Thread 0x000002020a0426e0 Uncommon trap: trap_request=0xffffffbe fr.pc=0x00000202196957e4 relative=0x00000000000006a4
Event: 4.385 Thread 0x000002020a0426e0 Uncommon trap: reason=profile_predicate action=maybe_recompile pc=0x00000202196957e4 method=java.lang.PublicMethods$MethodList.filter([Ljava/lang/reflect/Method;Ljava/lang/String;[Ljava/lang/Class;Z)Ljava/lang/PublicMethods$MethodList; @ 21 c2
Event: 4.385 Thread 0x000002020a0426e0 DEOPT PACKING pc=0x00000202196957e4 sp=0x000000d9163f8350
Event: 4.385 Thread 0x000002020a0426e0 DEOPT UNPACKING pc=0x0000020218e623a3 sp=0x000000d9163f8308 mode 2

Classes unloaded (0 events):
No events

Classes redefined (0 events):
No events

Internal exceptions (20 events):
Event: 2.779 Thread 0x000002020a0426e0 Exception <a 'sun/nio/fs/WindowsException'{0x0000000091917900}> (0x0000000091917900) 
thrown [s\open\src\hotspot\share\prims\jni.cpp, line 516]
Event: 2.790 Thread 0x000002020a0426e0 Exception <a 'java/lang/NoSuchMethodError'{0x000000009193b278}: 'int java.lang.invoke.DirectMethodHandle$Holder.invokeStaticInit(java.lang.Object, java.lang.Object, java.lang.Object, java.lang.Object)'> (0x000000009193b278) 
thrown [s\open\src\hotspot\share\interpreter\linkResolver.cpp, line 759]
Event: 2.820 Thread 0x000002020a0426e0 Exception <a 'java/lang/NoSuchMethodError'{0x000000009160ea10}: 'java.lang.Object java.lang.invoke.DirectMethodHandle$Holder.invokeStaticInit(java.lang.Object, int, int, int, int)'> (0x000000009160ea10) 
thrown [s\open\src\hotspot\share\interpreter\linkResolver.cpp, line 759]
Event: 2.860 Thread 0x000002020a0426e0 Exception <a 'java/lang/NoSuchMethodError'{0x00000000916fc288}: 'java.lang.Object java.lang.invoke.DirectMethodHandle$Holder.invokeStaticInit(java.lang.Object, java.lang.Object, int, int, int, int)'> (0x00000000916fc288) 
thrown [s\open\src\hotspot\share\interpreter\linkResolver.cpp, line 759]
Event: 3.130 Thread 0x000002020a0426e0 Exception <a 'java/lang/NoSuchMethodError'{0x00000000914f2db8}: 'java.lang.Object java.lang.invoke.DirectMethodHandle$Holder.invokeStaticInit(java.lang.Object, java.lang.Object, java.lang.Object, java.lang.Object)'> (0x00000000914f2db8) 
thrown [s\open\src\hotspot\share\interpreter\linkResolver.cpp, line 759]
Event: 3.144 Thread 0x000002020a0426e0 Exception <a 'java/lang/NoSuchMethodError'{0x000000008dc11cd0}: 'int java.lang.invoke.DirectMethodHandle$Holder.invokeSpecialIFC(java.lang.Object, java.lang.Object, java.lang.Object)'> (0x000000008dc11cd0) 
thrown [s\open\src\hotspot\share\interpreter\linkResolver.cpp, line 759]
Event: 3.145 Thread 0x000002020a0426e0 Exception <a 'java/lang/NoSuchMethodError'{0x000000008dc24438}: 'java.lang.Object java.lang.invoke.DirectMethodHandle$Holder.invokeVirtual(java.lang.Object, java.lang.Object, int)'> (0x000000008dc24438) 
thrown [s\open\src\hotspot\share\interpreter\linkResolver.cpp, line 759]
Event: 3.185 Thread 0x000002020a0426e0 Exception <a 'java/lang/NoSuchMethodError'{0x000000008da6d6a8}: 'java.lang.Object java.lang.invoke.DirectMethodHandle$Holder.invokeSpecial(java.lang.Object, java.lang.Object, java.lang.Object, java.lang.Object, java.lang.Object, int, java.lang.Object)'> (0x000000008da6d6a8) 
thrown [s\open\src\hotspot\share\interpreter\linkResolver.cpp, line 759]
Event: 3.211 Thread 0x000002020a0426e0 Implicit null exception at 0x00000202195aabf2 to 0x00000202195ab1d0
Event: 3.275 Thread 0x000002020a0426e0 Exception <a 'java/lang/NoSuchMethodError'{0x000000008d760878}: 'java.lang.Object java.lang.invoke.DirectMethodHandle$Holder.newInvokeSpecial(java.lang.Object, java.lang.Object, int)'> (0x000000008d760878) 
thrown [s\open\src\hotspot\share\interpreter\linkResolver.cpp, line 759]
Event: 3.338 Thread 0x000002020a0426e0 Implicit null exception at 0x0000020219508fbb to 0x00000202195093c0
Event: 3.341 Thread 0x000002020a0426e0 Exception <a 'sun/nio/fs/WindowsException'{0x000000008d362b60}> (0x000000008d362b60) 
thrown [s\open\src\hotspot\share\prims\jni.cpp, line 516]
Event: 3.342 Thread 0x000002020a0426e0 Exception <a 'sun/nio/fs/WindowsException'{0x000000008d3670a8}> (0x000000008d3670a8) 
thrown [s\open\src\hotspot\share\prims\jni.cpp, line 516]
Event: 3.830 Thread 0x000002020a0426e0 Exception <a 'java/lang/NoSuchMethodError'{0x000000008d40e3d8}: 'int java.lang.invoke.DirectMethodHandle$Holder.invokeStatic(java.lang.Object)'> (0x000000008d40e3d8) 
thrown [s\open\src\hotspot\share\interpreter\linkResolver.cpp, line 759]
Event: 3.973 Thread 0x000002020a0426e0 Exception <a 'java/lang/NoSuchMethodError'{0x000000009190c6d8}: 'java.lang.Object java.lang.invoke.DirectMethodHandle$Holder.newInvokeSpecial(java.lang.Object, java.lang.Object, java.lang.Object, int)'> (0x000000009190c6d8) 
thrown [s\open\src\hotspot\share\interpreter\linkResolver.cpp, line 759]
Event: 3.974 Thread 0x000002020a0426e0 Exception <a 'java/lang/NoSuchMethodError'{0x0000000091910f48}: 'java.lang.Object java.lang.invoke.DirectMethodHandle$Holder.invokeSpecial(java.lang.Object, java.lang.Object, java.lang.Object, java.lang.Object, int)'> (0x0000000091910f48) 
thrown [s\open\src\hotspot\share\interpreter\linkResolver.cpp, line 759]
Event: 3.974 Thread 0x000002020a0426e0 Exception <a 'java/lang/NoSuchMethodError'{0x0000000091915118}: 'java.lang.Object java.lang.invoke.Invokers$Holder.linkToTargetMethod(java.lang.Object, java.lang.Object, int, java.lang.Object)'> (0x0000000091915118) 
thrown [s\open\src\hotspot\share\interpreter\linkResolver.cpp, line 759]
Event: 4.155 Thread 0x000002020a0426e0 Exception <a 'java/lang/IncompatibleClassChangeError'{0x000000008daf2bd8}: Found class java.lang.Object, but interface was expected> (0x000000008daf2bd8) 
thrown [s\open\src\hotspot\share\interpreter\linkResolver.cpp, line 826]
Event: 4.176 Thread 0x000002020a0426e0 Exception <a 'java/lang/NoSuchMethodError'{0x000000008d9de260}: 'java.lang.Object java.lang.invoke.DirectMethodHandle$Holder.invokeStatic(java.lang.Object, java.lang.Object, int, java.lang.Object)'> (0x000000008d9de260) 
thrown [s\open\src\hotspot\share\interpreter\linkResolver.cpp, line 759]
Event: 4.176 Thread 0x000002020a0426e0 Exception <a 'java/lang/NoSuchMethodError'{0x000000008d9e2248}: 'java.lang.Object java.lang.invoke.DirectMethodHandle$Holder.invokeStaticInit(java.lang.Object, java.lang.Object, int, java.lang.Object)'> (0x000000008d9e2248) 
thrown [s\open\src\hotspot\share\interpreter\linkResolver.cpp, line 759]

VM Operations (20 events):
Event: 2.980 Executing VM operation: HandshakeAllThreads
Event: 2.980 Executing VM operation: HandshakeAllThreads done
Event: 3.042 Executing VM operation: CollectForMetadataAllocation
Event: 3.046 Executing VM operation: CollectForMetadataAllocation done
Event: 3.052 Executing VM operation: G1Concurrent
Event: 3.055 Executing VM operation: G1Concurrent done
Event: 3.057 Executing VM operation: G1Concurrent
Event: 3.058 Executing VM operation: G1Concurrent done
Event: 3.064 Executing VM operation: HandshakeAllThreads
Event: 3.064 Executing VM operation: HandshakeAllThreads done
Event: 3.308 Executing VM operation: HandshakeAllThreads
Event: 3.308 Executing VM operation: HandshakeAllThreads done
Event: 3.338 Executing VM operation: ICBufferFull
Event: 3.338 Executing VM operation: ICBufferFull done
Event: 3.520 Executing VM operation: G1CollectForAllocation
Event: 3.526 Executing VM operation: G1CollectForAllocation done
Event: 3.968 Executing VM operation: G1CollectForAllocation
Event: 3.972 Executing VM operation: G1CollectForAllocation done
Event: 4.405 Executing VM operation: G1CollectForAllocation
Event: 4.410 Executing VM operation: G1CollectForAllocation done

Events (20 events):
Event: 4.001 loading class jdk/internal/ValueBased
Event: 4.001 loading class jdk/internal/ValueBased done
Event: 4.026 loading class java/util/stream/ReduceOps$1
Event: 4.026 loading class java/util/stream/ReduceOps$1 done
Event: 4.026 loading class java/util/stream/ReduceOps$1ReducingSink
Event: 4.027 loading class java/util/stream/ReduceOps$1ReducingSink done
Event: 4.070 loading class javax/naming/RefAddr
Event: 4.070 loading class javax/naming/RefAddr done
Event: 4.070 loading class javax/naming/StringRefAddr
Event: 4.070 loading class javax/naming/StringRefAddr done
Event: 4.094 loading class java/util/concurrent/CompletionStage
Event: 4.094 loading class java/util/concurrent/CompletionStage done
Event: 4.094 loading class java/util/concurrent/CompletableFuture
Event: 4.095 loading class java/util/concurrent/CompletableFuture done
Event: 4.095 loading class java/util/concurrent/CompletableFuture$AltResult
Event: 4.096 loading class java/util/concurrent/CompletableFuture$AltResult done
Event: 4.096 loading class java/util/concurrent/CompletableFuture$Completion
Event: 4.096 loading class java/util/concurrent/CompletableFuture$AsynchronousCompletionTask
Event: 4.096 loading class java/util/concurrent/CompletableFuture$AsynchronousCompletionTask done
Event: 4.096 loading class java/util/concurrent/CompletableFuture$Completion done


Dynamic libraries:
0x00007ff7ab650000 - 0x00007ff7ab660000 	C:\Program Files\Java\jdk-17\bin\java.exe
0x00007fff04d30000 - 0x00007fff04f47000 	C:\Windows\SYSTEM32\ntdll.dll
0x00007fff03640000 - 0x00007fff03704000 	C:\Windows\System32\KERNEL32.DLL
0x00007fff021f0000 - 0x00007fff02596000 	C:\Windows\System32\KERNELBASE.dll
0x00007fff02710000 - 0x00007fff02821000 	C:\Windows\System32\ucrtbase.dll
0x00007ffef0d40000 - 0x00007ffef0d5b000 	C:\Program Files\Java\jdk-17\bin\VCRUNTIME140.dll
0x00007ffecf7b0000 - 0x00007ffecf7c9000 	C:\Program Files\Java\jdk-17\bin\jli.dll
0x00007fff04b70000 - 0x00007fff04c23000 	C:\Windows\System32\ADVAPI32.dll
0x00007fff02b60000 - 0x00007fff02c07000 	C:\Windows\System32\msvcrt.dll
0x00007fff02ab0000 - 0x00007fff02b58000 	C:\Windows\System32\sechost.dll
0x00007fff020a0000 - 0x00007fff020c8000 	C:\Windows\System32\bcrypt.dll
0x00007fff03090000 - 0x00007fff031a7000 	C:\Windows\System32\RPCRT4.dll
0x00007fff031b0000 - 0x00007fff0335e000 	C:\Windows\System32\USER32.dll
0x00007fff02070000 - 0x00007fff02096000 	C:\Windows\System32\win32u.dll
0x00007fff04270000 - 0x00007fff04299000 	C:\Windows\System32\GDI32.dll
0x00007ffeeae30000 - 0x00007ffeeb0c3000 	C:\Windows\WinSxS\amd64_microsoft.windows.common-controls_6595b64144ccf1df_6.0.22621.2506_none_270c5ae97388e100\COMCTL32.dll
0x00007fff020d0000 - 0x00007fff021e8000 	C:\Windows\System32\gdi32full.dll
0x00007fff02970000 - 0x00007fff02a0a000 	C:\Windows\System32\msvcp_win.dll
0x00007ffef91a0000 - 0x00007ffef91aa000 	C:\Windows\SYSTEM32\VERSION.dll
0x00007fff04230000 - 0x00007fff04261000 	C:\Windows\System32\IMM32.DLL
0x00007ffefd920000 - 0x00007ffefd92c000 	C:\Program Files\Java\jdk-17\bin\vcruntime140_1.dll
0x00007ffecfe20000 - 0x00007ffecfeae000 	C:\Program Files\Java\jdk-17\bin\msvcp140.dll
0x00007ffe802c0000 - 0x00007ffe80ea1000 	C:\Program Files\Java\jdk-17\bin\server\jvm.dll
0x00007fff04ab0000 - 0x00007fff04ab8000 	C:\Windows\System32\PSAPI.DLL
0x00007ffefc9e0000 - 0x00007ffefc9e9000 	C:\Windows\SYSTEM32\WSOCK32.dll
0x00007ffefa750000 - 0x00007ffefa784000 	C:\Windows\SYSTEM32\WINMM.dll
0x00007fff03460000 - 0x00007fff034d1000 	C:\Windows\System32\WS2_32.dll
0x00007fff01160000 - 0x00007fff01178000 	C:\Windows\SYSTEM32\kernel.appcore.dll
0x00007ffefd900000 - 0x00007ffefd90a000 	C:\Program Files\Java\jdk-17\bin\jimage.dll
0x00007ffef7e00000 - 0x00007ffef8033000 	C:\Windows\SYSTEM32\DBGHELP.DLL
0x00007fff04720000 - 0x00007fff04aa9000 	C:\Windows\System32\combase.dll
0x00007fff04640000 - 0x00007fff04717000 	C:\Windows\System32\OLEAUT32.dll
0x00007ffeec690000 - 0x00007ffeec6c2000 	C:\Windows\SYSTEM32\dbgcore.DLL
0x00007fff02830000 - 0x00007fff028aa000 	C:\Windows\System32\bcryptPrimitives.dll
0x00007ffeefc20000 - 0x00007ffeefc45000 	C:\Program Files\Java\jdk-17\bin\java.dll
0x00007ffec11e0000 - 0x00007ffec12b7000 	C:\Program Files\Java\jdk-17\bin\jsvml.dll
0x00007fff03830000 - 0x00007fff0408b000 	C:\Windows\System32\SHELL32.dll
0x00007ffefff80000 - 0x00007fff00876000 	C:\Windows\SYSTEM32\windows.storage.dll
0x00007ffeffe40000 - 0x00007ffefff7e000 	C:\Windows\SYSTEM32\wintypes.dll
0x00007fff034e0000 - 0x00007fff035d3000 	C:\Windows\System32\SHCORE.dll
0x00007fff04c90000 - 0x00007fff04cee000 	C:\Windows\System32\shlwapi.dll
0x00007fff01fa0000 - 0x00007fff01fc6000 	C:\Windows\SYSTEM32\profapi.dll
0x00007ffeefea0000 - 0x00007ffeefeb9000 	C:\Program Files\Java\jdk-17\bin\net.dll
0x00007ffefb630000 - 0x00007ffefb767000 	C:\Windows\SYSTEM32\WINHTTP.dll
0x00007fff015e0000 - 0x00007fff01649000 	C:\Windows\system32\mswsock.dll
0x00007ffee7400000 - 0x00007ffee7416000 	C:\Program Files\Java\jdk-17\bin\nio.dll
0x00007ffed5910000 - 0x00007ffed5928000 	C:\Program Files\Java\jdk-17\bin\zip.dll
0x00007ffef17b0000 - 0x00007ffef17ba000 	C:\Program Files\Java\jdk-17\bin\management.dll
0x00007ffef0d80000 - 0x00007ffef0d8b000 	C:\Program Files\Java\jdk-17\bin\management_ext.dll
0x00007ffeeee00000 - 0x00007ffeeee0e000 	C:\Program Files\Java\jdk-17\bin\sunmscapi.dll
0x00007fff025a0000 - 0x00007fff02706000 	C:\Windows\System32\CRYPT32.dll
0x00007fff01a30000 - 0x00007fff01a5e000 	C:\Windows\SYSTEM32\ncrypt.dll
0x00007fff019f0000 - 0x00007fff01a27000 	C:\Windows\SYSTEM32\NTASN1.dll
0x00007fff00bd0000 - 0x00007fff00cc9000 	C:\Windows\SYSTEM32\DNSAPI.dll
0x00007fff00b90000 - 0x00007fff00bbd000 	C:\Windows\SYSTEM32\IPHLPAPI.DLL
0x00007fff03820000 - 0x00007fff03829000 	C:\Windows\System32\NSI.dll
0x00007ffef1420000 - 0x00007ffef142a000 	C:\Windows\System32\rasadhlp.dll
0x00007ffefa2d0000 - 0x00007ffefa353000 	C:\Windows\System32\fwpuclnt.dll
0x00007fff01800000 - 0x00007fff0181b000 	C:\Windows\SYSTEM32\CRYPTSP.dll
0x00007fff010c0000 - 0x00007fff010f5000 	C:\Windows\system32\rsaenh.dll
0x00007fff016a0000 - 0x00007fff016cc000 	C:\Windows\SYSTEM32\USERENV.dll
0x00007fff01820000 - 0x00007fff0182c000 	C:\Windows\SYSTEM32\CRYPTBASE.dll
0x00007ffefb390000 - 0x00007ffefb3a9000 	C:\Windows\SYSTEM32\dhcpcsvc6.DLL
0x00007ffefb110000 - 0x00007ffefb12f000 	C:\Windows\SYSTEM32\dhcpcsvc.DLL
0x00007ffefaa80000 - 0x00007ffefaa90000 	C:\Program Files\Java\jdk-17\bin\verify.dll

dbghelp: loaded successfully - version: 4.0.5 - missing functions: none
symbol engine: initialized successfully - sym options: 0x614 - pdb path: .;C:\Program Files\Java\jdk-17\bin;C:\Windows\SYSTEM32;C:\Windows\WinSxS\amd64_microsoft.windows.common-controls_6595b64144ccf1df_6.0.22621.2506_none_270c5ae97388e100;C:\Program Files\Java\jdk-17\bin\server

VM Arguments:
java_command: C:\Users\rafae\AppData\Local\Temp\surefire18213959479653782325\surefirebooter-20240221215436282_3.jar C:\Users\rafae\AppData\Local\Temp\surefire18213959479653782325 2024-02-21T21-54-36_084-jvmRun1 surefire-20240221215436282_1tmp surefire_0-20240221215436282_2tmp
java_class_path (initial): C:\Users\rafae\AppData\Local\Temp\surefire18213959479653782325\surefirebooter-20240221215436282_3.jar
Launcher Type: SUN_STANDARD

[Global flags]
     intx CICompilerCount                          = 4                                         {product} {ergonomic}
     uint ConcGCThreads                            = 3                                         {product} {ergonomic}
     uint G1ConcRefinementThreads                  = 10                                        {product} {ergonomic}
   size_t G1HeapRegionSize                         = 1048576                                   {product} {ergonomic}
    uintx GCDrainStackTargetSize                   = 64                                        {product} {ergonomic}
   size_t InitialHeapSize                          = 123731968                                 {product} {ergonomic}
   size_t MarkStackSize                            = 4194304                                   {product} {ergonomic}
   size_t MaxHeapSize                              = 1975517184                                {product} {ergonomic}
   size_t MaxNewSize                               = 1184890880                                {product} {ergonomic}
   size_t MinHeapDeltaBytes                        = 1048576                                   {product} {ergonomic}
   size_t MinHeapSize                              = 8388608                                   {product} {ergonomic}
    uintx NonNMethodCodeHeapSize                   = 5839372                                {pd product} {ergonomic}
    uintx NonProfiledCodeHeapSize                  = 122909434                              {pd product} {ergonomic}
    uintx ProfiledCodeHeapSize                     = 122909434                              {pd product} {ergonomic}
    uintx ReservedCodeCacheSize                    = 251658240                              {pd product} {ergonomic}
     bool SegmentedCodeCache                       = true                                      {product} {ergonomic}
   size_t SoftMaxHeapSize                          = 1975517184                             {manageable} {ergonomic}
     bool UseCompressedClassPointers               = true                           {product lp64_product} {ergonomic}
     bool UseCompressedOops                        = true                           {product lp64_product} {ergonomic}
     bool UseG1GC                                  = true                                      {product} {ergonomic}
     bool UseLargePagesIndividualAllocation        = false                                  {pd product} {ergonomic}

Logging:
Log output configuration:
 #0: stdout all=warning uptime,level,tags
 #1: stderr all=off uptime,level,tags

Environment Variables:
JAVA_HOME=C:\Program Files\Java\jdk-17
PATH=C:\Python312\Scripts\;C:\Python312\;C:\Program Files\Common Files\Oracle\Java\javapath;C:\Program Files (x86)\Common Files\Oracle\Java\javapath;C:\Windows\system32;C:\Windows;C:\Windows\System32\Wbem;C:\Windows\System32\WindowsPowerShell\v1.0\;C:\Windows\System32\OpenSSH\;C:\Program Files (x86)\NVIDIA Corporation\PhysX\Common;C:\Program Files\NVIDIA Corporation\NVIDIA NvDLISR;C:\Program Files\Git\cmd;C:\Program Files\nodejs\;C:\ProgramData\chocolatey\bin;C:\Program Files\dotnet\;C:\Program Files\Maven\apache-maven-3.9.6\bin;C:\Ruby32-x64\bin;C:\Program Files\MySQL\MySQL Shell 8.0\bin\;C:\Users\rafae\AppData\Local\Microsoft\WindowsApps;C:\Program Files\JetBrains\IntelliJ IDEA Community Edition 2023.2.5\bin;;C:\Users\rafae\AppData\Local\GitHubDesktop\bin;C:\Users\rafae\AppData\Roaming\npm;C:\Users\rafae\AppData\Local\Programs\Microsoft VS Code\bin;C:\Users\rafae\.dotnet\tools;C:\sqlite;
USERNAME=rafae
OS=Windows_NT
PROCESSOR_IDENTIFIER=AMD64 Family 25 Model 80 Stepping 0, AuthenticAMD



---------------  S Y S T E M  ---------------

OS:
 Windows 11 , 64 bit Build 22621 (10.0.22621.3085)
OS uptime: 5 days 8:33 hours
Hyper-V role detected

CPU: total 12 (initial active 12) (12 cores per cpu, 2 threads per core) family 25 model 80 stepping 0 microcode 0x0, cx8, cmov, fxsr, ht, mmx, 3dnowpref, sse, sse2, sse3, ssse3, sse4a, sse4.1, sse4.2, popcnt, lzcnt, tsc, tscinvbit, avx, avx2, aes, erms, clmul, bmi1, bmi2, adx, sha, fma, vzeroupper, clflush, clflushopt, hv

Memory: 4k page, system-wide physical 7532M (579M free)
TotalPageFile size 31084M (AvailPageFile size 5M)
current process WorkingSet (physical memory assigned to process): 232M, peak: 233M
current process commit charge ("private bytes"): 277M, peak: 279M

vm_info: Java HotSpot(TM) 64-Bit Server VM (17.0.9+11-LTS-201) for windows-amd64 JRE (17.0.9+11-LTS-201), built on Oct 10 2023 23:16:06 by "mach5one" with MS VC++ 17.1 (VS2022)

END.
