#
# There is insufficient memory for the Java Runtime Environment to continue.
# Native memory allocation (malloc) failed to allocate 1048576 bytes for AllocateHeap
# Possible reasons:
#   The system is out of physical RAM or swap space
#   The process is running with CompressedOops enabled, and the Java Heap may be blocking the growth of the native heap
# Possible solutions:
#   Reduce memory load on the system
#   Increase physical memory or swap space
#   Check if swap backing store is full
#   Decrease Java heap size (-Xmx/-Xms)
#   Decrease number of Java threads
#   Decrease Java thread stack sizes (-Xss)
#   Set larger code cache with -XX:ReservedCodeCacheSize=
#   JVM is running with Unscaled Compressed Oops mode in which the Java heap is
#     placed in the first 4GB address space. The Java Heap base address is the
#     maximum limit for the native heap growth. Please use -XX:HeapBaseMinAddress
#     to set the Java Heap base and to place the Java Heap above 4GB virtual address.
# This output file may be truncated or incomplete.
#
#  Out of Memory Error (allocation.cpp:44), pid=58768, tid=80968
#
# JRE version:  (17.0.9+11) (build )
# Java VM: Java HotSpot(TM) 64-Bit Server VM (17.0.9+11-LTS-201, mixed mode, sharing, tiered, compressed oops, compressed class ptrs, g1 gc, windows-amd64)
# No core dump will be written. Minidumps are not enabled by default on client versions of Windows
#

---------------  S U M M A R Y ------------

Command Line: -Dnet.bytebuddy.agent.attacher.dump= net.bytebuddy.agent.Attacher com.sun.tools.attach.VirtualMachine 91984 C:\Users\rafae\.m2\repository\net\bytebuddy\byte-buddy-agent\1.14.11\byte-buddy-agent-1.14.11.jar false 

Host: AMD Ryzen 5 5600H with Radeon Graphics         , 12 cores, 7G,  Windows 11 , 64 bit Build 22621 (10.0.22621.3085)
Time: Wed Feb 21 21:55:51 2024 Hora oficial do Brasil elapsed time: 0.011386 seconds (0d 0h 0m 0s)

---------------  T H R E A D  ---------------

Current thread (0x00000270afe82dc0):  JavaThread "Unknown thread" [_thread_in_vm, id=80968, stack(0x000000e6cd500000,0x000000e6cd600000)]

Stack: [0x000000e6cd500000,0x000000e6cd600000]
Native frames: (J=compiled Java code, j=interpreted, Vv=VM code, C=native code)
V  [jvm.dll+0x678a4a]
V  [jvm.dll+0x7d9cfd]
V  [jvm.dll+0x7db60e]
V  [jvm.dll+0x7dbc73]
V  [jvm.dll+0x245e1f]
V  [jvm.dll+0xa5173]
V  [jvm.dll+0x2d63c7]
V  [jvm.dll+0x7ab67c]
V  [jvm.dll+0x368041]
V  [jvm.dll+0x78a749]
V  [jvm.dll+0x3ebd4f]
V  [jvm.dll+0x3ed7d1]
C  [jli.dll+0x5297]
C  [ucrtbase.dll+0x29363]
C  [KERNEL32.DLL+0x1257d]
C  [ntdll.dll+0x5aa58]


---------------  P R O C E S S  ---------------

Threads class SMR info:
_java_thread_list=0x00007ffe80d789d8, length=0, elements={
}

Java Threads: ( => current thread )

Other Threads:

=>0x00000270afe82dc0 (exited) JavaThread "Unknown thread" [_thread_in_vm, id=80968, stack(0x000000e6cd500000,0x000000e6cd600000)]

Threads with active compile tasks:

VM state: not at safepoint (not fully initialized)

VM Mutex/Monitor currently owned by a thread: None

Heap address: 0x0000000000000000, size: 0 MB, Compressed Oops mode: 32-bit

CDS archive(s) mapped at: [0x0000000000000000-0x0000000000000000-0x0000000000000000), size 0, SharedBaseAddress: 0x0000000800000000, ArchiveRelocationMode: 1.
Narrow klass base: 0x0000000000000000, Narrow klass shift: 0, Narrow klass range: 0x0

GC Precious Log:
<Empty>

GC Heap History (0 events):
No events

Deoptimization events (0 events):
No events

Classes unloaded (0 events):
No events

Classes redefined (0 events):
No events

Internal exceptions (0 events):
No events

VM Operations (0 events):
No events

Events (1 events):
Event: 0.008 Loaded shared library C:\Program Files\Java\jdk-17\bin\java.dll


Dynamic libraries:
0x00007ff7ab650000 - 0x00007ff7ab660000 	C:\Program Files\Java\jdk-17\bin\java.exe
0x00007fff04d30000 - 0x00007fff04f47000 	C:\Windows\SYSTEM32\ntdll.dll
0x00007fff03640000 - 0x00007fff03704000 	C:\Windows\System32\KERNEL32.DLL
0x00007fff021f0000 - 0x00007fff02596000 	C:\Windows\System32\KERNELBASE.dll
0x00007fff02710000 - 0x00007fff02821000 	C:\Windows\System32\ucrtbase.dll
0x00007ffef0d40000 - 0x00007ffef0d5b000 	C:\Program Files\Java\jdk-17\bin\VCRUNTIME140.dll
0x00007ffecf7b0000 - 0x00007ffecf7c9000 	C:\Program Files\Java\jdk-17\bin\jli.dll
0x00007fff04b70000 - 0x00007fff04c23000 	C:\Windows\System32\ADVAPI32.dll
0x00007fff02b60000 - 0x00007fff02c07000 	C:\Windows\System32\msvcrt.dll
0x00007fff02ab0000 - 0x00007fff02b58000 	C:\Windows\System32\sechost.dll
0x00007fff020a0000 - 0x00007fff020c8000 	C:\Windows\System32\bcrypt.dll
0x00007fff03090000 - 0x00007fff031a7000 	C:\Windows\System32\RPCRT4.dll
0x00007fff031b0000 - 0x00007fff0335e000 	C:\Windows\System32\USER32.dll
0x00007fff02070000 - 0x00007fff02096000 	C:\Windows\System32\win32u.dll
0x00007ffeeae30000 - 0x00007ffeeb0c3000 	C:\Windows\WinSxS\amd64_microsoft.windows.common-controls_6595b64144ccf1df_6.0.22621.2506_none_270c5ae97388e100\COMCTL32.dll
0x00007fff04270000 - 0x00007fff04299000 	C:\Windows\System32\GDI32.dll
0x00007fff020d0000 - 0x00007fff021e8000 	C:\Windows\System32\gdi32full.dll
0x00007fff02970000 - 0x00007fff02a0a000 	C:\Windows\System32\msvcp_win.dll
0x00007ffef91a0000 - 0x00007ffef91aa000 	C:\Windows\SYSTEM32\VERSION.dll
0x00007fff04230000 - 0x00007fff04261000 	C:\Windows\System32\IMM32.DLL
0x00007ffefd920000 - 0x00007ffefd92c000 	C:\Program Files\Java\jdk-17\bin\vcruntime140_1.dll
0x00007ffecfe20000 - 0x00007ffecfeae000 	C:\Program Files\Java\jdk-17\bin\msvcp140.dll
0x00007ffe802c0000 - 0x00007ffe80ea1000 	C:\Program Files\Java\jdk-17\bin\server\jvm.dll
0x00007fff04ab0000 - 0x00007fff04ab8000 	C:\Windows\System32\PSAPI.DLL
0x00007ffefc9e0000 - 0x00007ffefc9e9000 	C:\Windows\SYSTEM32\WSOCK32.dll
0x00007ffefa750000 - 0x00007ffefa784000 	C:\Windows\SYSTEM32\WINMM.dll
0x00007fff03460000 - 0x00007fff034d1000 	C:\Windows\System32\WS2_32.dll
0x00007fff01160000 - 0x00007fff01178000 	C:\Windows\SYSTEM32\kernel.appcore.dll
0x00007ffefd900000 - 0x00007ffefd90a000 	C:\Program Files\Java\jdk-17\bin\jimage.dll
0x00007ffef7e00000 - 0x00007ffef8033000 	C:\Windows\SYSTEM32\DBGHELP.DLL
0x00007fff04720000 - 0x00007fff04aa9000 	C:\Windows\System32\combase.dll
0x00007fff04640000 - 0x00007fff04717000 	C:\Windows\System32\OLEAUT32.dll
0x00007ffeec690000 - 0x00007ffeec6c2000 	C:\Windows\SYSTEM32\dbgcore.DLL
0x00007fff02830000 - 0x00007fff028aa000 	C:\Windows\System32\bcryptPrimitives.dll
0x00007ffeefc20000 - 0x00007ffeefc45000 	C:\Program Files\Java\jdk-17\bin\java.dll

dbghelp: loaded successfully - version: 4.0.5 - missing functions: none
symbol engine: initialized successfully - sym options: 0x614 - pdb path: .;C:\Program Files\Java\jdk-17\bin;C:\Windows\SYSTEM32;C:\Windows\WinSxS\amd64_microsoft.windows.common-controls_6595b64144ccf1df_6.0.22621.2506_none_270c5ae97388e100;C:\Program Files\Java\jdk-17\bin\server

VM Arguments:
jvm_args: -Dnet.bytebuddy.agent.attacher.dump= 
java_command: net.bytebuddy.agent.Attacher com.sun.tools.attach.VirtualMachine 91984 C:\Users\rafae\.m2\repository\net\bytebuddy\byte-buddy-agent\1.14.11\byte-buddy-agent-1.14.11.jar false 
java_class_path (initial): C:\Users\rafae\.m2\repository\net\bytebuddy\byte-buddy-agent\1.14.11\byte-buddy-agent-1.14.11.jar
Launcher Type: SUN_STANDARD

[Global flags]
     intx CICompilerCount                          = 4                                         {product} {ergonomic}
     uint ConcGCThreads                            = 3                                         {product} {ergonomic}
     uint G1ConcRefinementThreads                  = 10                                        {product} {ergonomic}
   size_t G1HeapRegionSize                         = 1048576                                   {product} {ergonomic}
    uintx GCDrainStackTargetSize                   = 64                                        {product} {ergonomic}
   size_t InitialHeapSize                          = 123731968                                 {product} {ergonomic}
   size_t MarkStackSize                            = 4194304                                   {product} {ergonomic}
   size_t MaxHeapSize                              = 1975517184                                {product} {ergonomic}
   size_t MinHeapDeltaBytes                        = 1048576                                   {product} {ergonomic}
   size_t MinHeapSize                              = 8388608                                   {product} {ergonomic}
    uintx NonNMethodCodeHeapSize                   = 5839372                                {pd product} {ergonomic}
    uintx NonProfiledCodeHeapSize                  = 122909434                              {pd product} {ergonomic}
    uintx ProfiledCodeHeapSize                     = 122909434                              {pd product} {ergonomic}
    uintx ReservedCodeCacheSize                    = 251658240                              {pd product} {ergonomic}
     bool SegmentedCodeCache                       = true                                      {product} {ergonomic}
   size_t SoftMaxHeapSize                          = 1975517184                             {manageable} {ergonomic}
     bool UseCompressedClassPointers               = true                           {product lp64_product} {ergonomic}
     bool UseCompressedOops                        = true                           {product lp64_product} {ergonomic}
     bool UseG1GC                                  = true                                      {product} {ergonomic}
     bool UseLargePagesIndividualAllocation        = false                                  {pd product} {ergonomic}

Logging:
Log output configuration:
 #0: stdout all=warning uptime,level,tags
 #1: stderr all=off uptime,level,tags

Environment Variables:
JAVA_HOME=C:\Program Files\Java\jdk-17
PATH=C:\Python312\Scripts\;C:\Python312\;C:\Program Files\Common Files\Oracle\Java\javapath;C:\Program Files (x86)\Common Files\Oracle\Java\javapath;C:\Windows\system32;C:\Windows;C:\Windows\System32\Wbem;C:\Windows\System32\WindowsPowerShell\v1.0\;C:\Windows\System32\OpenSSH\;C:\Program Files (x86)\NVIDIA Corporation\PhysX\Common;C:\Program Files\NVIDIA Corporation\NVIDIA NvDLISR;C:\Program Files\Git\cmd;C:\Program Files\nodejs\;C:\ProgramData\chocolatey\bin;C:\Program Files\dotnet\;C:\Program Files\Maven\apache-maven-3.9.6\bin;C:\Ruby32-x64\bin;C:\Program Files\MySQL\MySQL Shell 8.0\bin\;C:\Users\rafae\AppData\Local\Microsoft\WindowsApps;C:\Program Files\JetBrains\IntelliJ IDEA Community Edition 2023.2.5\bin;;C:\Users\rafae\AppData\Local\GitHubDesktop\bin;C:\Users\rafae\AppData\Roaming\npm;C:\Users\rafae\AppData\Local\Programs\Microsoft VS Code\bin;C:\Users\rafae\.dotnet\tools;C:\sqlite;
USERNAME=rafae
OS=Windows_NT
PROCESSOR_IDENTIFIER=AMD64 Family 25 Model 80 Stepping 0, AuthenticAMD



---------------  S Y S T E M  ---------------

OS:
 Windows 11 , 64 bit Build 22621 (10.0.22621.3085)
OS uptime: 5 days 8:34 hours
Hyper-V role detected

CPU: total 12 (initial active 12) (12 cores per cpu, 2 threads per core) family 25 model 80 stepping 0 microcode 0x0, cx8, cmov, fxsr, ht, mmx, 3dnowpref, sse, sse2, sse3, ssse3, sse4a, sse4.1, sse4.2, popcnt, lzcnt, tsc, tscinvbit, avx, avx2, aes, erms, clmul, bmi1, bmi2, adx, sha, fma, vzeroupper, clflush, clflushopt, hv

Memory: 4k page, system-wide physical 7532M (446M free)
TotalPageFile size 31084M (AvailPageFile size 4M)
current process WorkingSet (physical memory assigned to process): 10M, peak: 10M
current process commit charge ("private bytes"): 18M, peak: 19M

vm_info: Java HotSpot(TM) 64-Bit Server VM (17.0.9+11-LTS-201) for windows-amd64 JRE (17.0.9+11-LTS-201), built on Oct 10 2023 23:16:06 by "mach5one" with MS VC++ 17.1 (VS2022)

END.
